\BOOKMARK [1][-]{section.1}{\376\377\0001\000.\000\040\000W\000i\000e\000l\000o\000c\000i\000a\001\102\000o\000w\000a\000\040\000f\000u\000n\000k\000c\000j\000a\000\040\000f\000a\000l\000o\000w\000a}{}% 1
\BOOKMARK [1][-]{section.2}{\376\377\0002\000.\000\040\000P\000r\000z\000y\000b\000l\000i\001\174\000e\000n\000i\000a}{}% 2
\BOOKMARK [2][-]{subsection.2.1}{\376\377\0002\000.\0001\000.\000\040\000P\000r\000z\000y\000b\000l\000i\001\174\000e\000n\000i\000e\000\040\000a\000d\000i\000a\000b\000a\000t\000y\000c\000z\000n\000e}{section.2}% 3
\BOOKMARK [2][-]{subsection.2.2}{\376\377\0002\000.\0002\000.\000\040\000P\000r\000z\000y\000b\000l\000i\001\174\000e\000n\000i\000e\000\040\000B\000o\000r\000n\000a\000-\000O\000p\000p\000e\000n\000h\000e\000i\000m\000e\000r\000a}{section.2}% 4
\BOOKMARK [1][-]{section.3}{\376\377\0003\000.\000\040\000P\000r\000z\000y\000b\000l\000i\001\174\000e\000n\000i\000e\000\040\000p\000o\000l\000a\000\040\001\133\000r\000e\000d\000n\000i\000e\000g\000o\000\040\000i\000\040\000m\000e\000t\000o\000d\000a\000\040\000H\000a\000r\000t\000r\000e\000e\000-\000F\000o\000c\000k\000a}{}% 5
\BOOKMARK [2][-]{subsection.3.1}{\376\377\0003\000.\0001\000.\000\040\000P\000r\000z\000y\000b\000l\000i\001\174\000e\000n\000i\000e\000\040\000p\000o\000l\000a\000\040\001\133\000r\000e\000d\000n\000i\000e\000g\000o}{section.3}% 6
\BOOKMARK [2][-]{subsection.3.2}{\376\377\0003\000.\0002\000.\000\040\000R\000\363\000w\000n\000a\000n\000i\000a\000\040\000H\000a\000r\000t\000r\000e\000e\000-\000F\000o\000c\000k\000a}{section.3}% 7
\BOOKMARK [1][-]{section.4}{\376\377\0004\000.\000\040\000T\000w\000i\000e\000r\000d\000z\000e\000n\000i\000a\000\040\000H\000o\000h\000e\000n\000b\000e\000r\000g\000a\000-\000K\000o\000h\000n\000a}{}% 8
\BOOKMARK [1][-]{section.5}{\376\377\0005\000.\000\040\000M\000e\000t\000o\000d\000a\000\040\000K\000o\000h\000n\000a\000-\000S\000h\000a\000m\000a}{}% 9
\BOOKMARK [2][-]{subsection.5.1}{\376\377\0005\000.\0001\000.\000\040\000Z\000a\001\102\000o\001\174\000e\000n\000i\000a}{section.5}% 10
\BOOKMARK [2][-]{subsection.5.2}{\376\377\0005\000.\0002\000.\000\040\000F\000u\000n\000k\000c\000j\000o\000n\000a\001\102\000\040\000g\001\031\000s\000t\000o\001\133\000c\000i\000\040\000e\000n\000e\000r\000g\000i\000i\000\040\000K\000o\000h\000n\000a\000-\000S\000h\000a\000m\000a}{section.5}% 11
\BOOKMARK [2][-]{subsection.5.3}{\376\377\0005\000.\0003\000.\000\040\000R\000\363\000w\000n\000a\000n\000i\000e\000\040\000K\000o\000h\000n\000a\000-\000S\000h\000a\000m\000a}{section.5}% 12
\BOOKMARK [2][-]{subsection.5.4}{\376\377\0005\000.\0004\000.\000\040\000H\000a\000r\000t\000r\000e\000e\000-\000F\000o\000c\000k\000\040\000v\000s\000\040\000K\000o\000h\000n\000-\000S\000h\000a\000m}{section.5}% 13
\BOOKMARK [1][-]{section.6}{\376\377\0006\000.\000\040\000F\000u\000n\000k\000c\000j\000o\000n\000a\001\102\000y\000\040\000g\001\031\000s\000t\000o\001\133\000c\000i\000\040\000e\000l\000e\000k\000t\000r\000o\000n\000o\000w\000e\000j}{}% 14
\BOOKMARK [2][-]{subsection.6.1}{\376\377\0006\000.\0001\000.\000\040\000E\000n\000e\000r\000g\000i\000a\000\040\000w\000y\000m\000i\000e\000n\000n\000a\000\040\000i\000\040\000k\000o\000r\000e\000e\000l\000a\000c\000y\000j\000n\000a}{section.6}% 15
\BOOKMARK [2][-]{subsection.6.2}{\376\377\0006\000.\0002\000.\000\040\000L\000D\000A}{section.6}% 16
\BOOKMARK [2][-]{subsection.6.3}{\376\377\0006\000.\0003\000.\000\040\000G\000W}{section.6}% 17
\BOOKMARK [2][-]{subsection.6.4}{\376\377\0006\000.\0004\000.\000\040\000L\000D\000A\000+\000U\000/\000G\000W\000+\000U}{section.6}% 18
\BOOKMARK [1][-]{section.7}{\376\377\0007\000.\000\040\000M\000e\000t\000o\000d\000a\000\040\000p\000s\000e\000u\000d\000o\000p\000o\000t\000e\000n\000c\000j\000a\001\102\000\363\000w}{}% 19
\BOOKMARK [1][-]{section.8}{\376\377\0008\000.\000\040\000M\000e\000t\000o\000d\000y\000\040\000o\000b\000l\000i\000c\000z\000a\000n\000i\000a\000\040\000s\000t\000r\000u\000k\000t\000u\000r\000y\000\040\000p\000a\000s\000m\000o\000w\000e\000j\000\040\000/\000\040\000R\000o\000z\000w\000i\001\005\000z\000y\000w\000a\000n\000i\000a\000\040\000r\000\363\000w\000n\000a\001\104\000\040\000K\000o\000h\000n\000a\000-\000S\000h\000a\000m\000a}{}% 20
\BOOKMARK [2][-]{subsection.8.1}{\376\377\0008\000.\0001\000.\000\040\000P\000W}{section.8}% 21
\BOOKMARK [2][-]{subsection.8.2}{\376\377\0008\000.\0002\000.\000\040\000O\000P\000W}{section.8}% 22
\BOOKMARK [2][-]{subsection.8.3}{\376\377\0008\000.\0003\000.\000\040\000A\000P\000W}{section.8}% 23
\BOOKMARK [2][-]{subsection.8.4}{\376\377\0008\000.\0004\000.\000\040\000L\000C\000A\000O}{section.8}% 24
\BOOKMARK [2][-]{subsection.8.5}{\376\377\0008\000.\0005\000.\000\040\000P\000o\000r\000\363\000w\000n\000a\000n\000i\000e\000\040\000m\000e\000t\000o\000d}{section.8}% 25
\BOOKMARK [1][-]{section.9}{\376\377\0009\000.\000\040\000D\000y\000n\000a\000m\000i\000k\000a\000\040\000m\000o\000l\000e\000k\000u\000l\000a\000r\000n\000a\000\040\000w\000\040\000u\000j\001\031\000c\000i\000u\000\040\000A\000b\000-\000I\000n\000i\000t\000i\000o}{}% 26
\BOOKMARK [2][-]{subsection.9.1}{\376\377\0009\000.\0001\000.\000\040\000T\000w\000i\000e\000r\000d\000z\000e\000n\000i\000e\000\040\000H\000e\000l\000l\000m\000a\000n\000a\000-\000F\000e\000y\000n\000m\000a\000n\000n\000a}{section.9}% 27
\BOOKMARK [2][-]{subsection.9.2}{\376\377\0009\000.\0002\000.\000\040\000O\000b\000l\000i\000c\000z\000a\000n\000i\000e\000\040\000s\000i\001\102\000\040\000d\000z\000i\000a\001\102\000a\000j\001\005\000c\000y\000c\000h\000\040\000n\000a\000\040\000m\000o\000l\000e\000k\000u\001\102\000y}{section.9}% 28
\BOOKMARK [2][-]{subsection.9.3}{\376\377\0009\000.\0003\000.\000\040\000D\000y\000n\000a\000m\000i\000k\000a\000\040\000C\000a\000r\000-\000P\000a\000r\000i\000n\000e\000l\000l\000o}{section.9}% 29
\BOOKMARK [2][-]{subsection.9.4}{\376\377\0009\000.\0004\000.\000\040\000O\000b\000l\000i\000c\000z\000a\000n\000i\000e\000\040\000r\000e\000l\000a\000c\000j\000i\000\040\000d\000y\000s\000p\000e\000r\000s\000y\000j\000n\000y\000c\000h\000\040\000d\000l\000a\000\040\000f\000o\000n\000o\000n\000\363\000w}{section.9}% 30
\BOOKMARK [1][-]{section.10}{\376\377\0001\0000\000.\000\040\000I\000n\000f\000o\000r\000m\000a\000c\000j\000e\000\040\000p\000r\000a\000k\000t\000y\000c\000z\000n\000e}{}% 31
